\BOOKMARK [0][-]{chapter.1}{\376\377\000A\000u\000t\000o\000m\000a\000t\000i\000s\000i\000e\000r\000u\000n\000g}{}% 1
\BOOKMARK [1][-]{section.1.1}{\376\377\000S\000t\000e\000u\000e\000r\000u\000n\000g\000\040\000-\000\040\000\334\000b\000e\000r\000b\000l\000i\000c\000k}{chapter.1}% 2
\BOOKMARK [2][-]{subsection.1.1.1}{\376\377\000K\000l\000e\000m\000m\000e\000n}{section.1.1}% 3
\BOOKMARK [1][-]{section.1.2}{\376\377\000A\000l\000l\000g\000e\000m\000e\000i\000n\000e\000\040\000A\000u\000f\000g\000a\000b\000e\000n}{chapter.1}% 4
\BOOKMARK [1][-]{section.1.3}{\376\377\000A\000l\000l\000g\000e\000m\000e\000i\000n\000e\000\040\000A\000n\000f\000o\000r\000d\000e\000r\000u\000n\000g\000e\000n}{chapter.1}% 5
\BOOKMARK [0][-]{chapter.2}{\376\377\000S\000P\000S}{}% 6
\BOOKMARK [1][-]{section.2.1}{\376\377\000F\000e\000l\000d\000b\000u\000s}{chapter.2}% 7
\BOOKMARK [2][-]{subsection.2.1.1}{\376\377\000S\000p\000e\000z\000i\000f\000i\000s\000c\000h\000e\000\040\000F\000e\000l\000d\000b\000u\000s\000s\000e}{section.2.1}% 8
\BOOKMARK [0][-]{chapter.3}{\376\377\000P\000r\000o\000g\000r\000a\000m\000m\000i\000e\000r\000u\000n\000g}{}% 9
\BOOKMARK [1][-]{section.3.1}{\376\377\000E\000N\000\040\0006\0001\0004\0009\0009}{chapter.3}% 10
\BOOKMARK [1][-]{section.3.2}{\376\377\000G\000r\000u\000n\000d\000a\000u\000f\000b\000a\000u}{chapter.3}% 11
\BOOKMARK [2][-]{subsection.3.2.1}{\376\377\000P\000r\000o\000g\000r\000a\000m\000m}{section.3.2}% 12
\BOOKMARK [2][-]{subsection.3.2.2}{\376\377\000F\000u\000n\000k\000t\000i\000o\000n\000s\000b\000l\000o\000c\000k}{section.3.2}% 13
\BOOKMARK [2][-]{subsection.3.2.3}{\376\377\000F\000u\000n\000k\000t\000i\000o\000n}{section.3.2}% 14
\BOOKMARK [1][-]{section.3.3}{\376\377\000V\000a\000r\000i\000a\000b\000l\000e\000n\000t\000y\000p\000e\000n}{chapter.3}% 15
\BOOKMARK [2][-]{subsection.3.3.1}{\376\377\000S\000y\000s\000t\000e\000m\000\040\000D\000a\000t\000e\000n\000t\000y\000p\000e\000n}{section.3.3}% 16
\BOOKMARK [2][-]{subsection.3.3.2}{\376\377\000A\000r\000r\000a\000y}{section.3.3}% 17
\BOOKMARK [2][-]{subsection.3.3.3}{\376\377\000D\000U\000T\000\040\000-\000\040\000D\000a\000t\000a\000\040\000U\000n\000i\000t\000\040\000T\000y\000p\000e}{section.3.3}% 18
\BOOKMARK [2][-]{subsection.3.3.4}{\376\377\000G\000l\000o\000b\000a\000l\000e\000\040\000V\000a\000r\000i\000a\000b\000l\000e\000n\000\040\000L\000i\000s\000t\000e\000\040\000\050\000G\000V\000L\000\051}{section.3.3}% 19
\BOOKMARK [2][-]{subsection.3.3.5}{\376\377\000T\000y\000p\000e\000\040\000C\000a\000s\000t\000i\000n\000g}{section.3.3}% 20
\BOOKMARK [1][-]{section.3.4}{\376\377\000C\000o\000n\000d\000i\000t\000i\000o\000n\000a\000l\000\040\000S\000t\000a\000t\000e\000m\000e\000n\000t\000s}{chapter.3}% 21
\BOOKMARK [2][-]{subsection.3.4.1}{\376\377\000I\000f\000/\000E\000l\000s\000e}{section.3.4}% 22
\BOOKMARK [2][-]{subsection.3.4.2}{\376\377\000S\000w\000i\000t\000c\000h\000-\000C\000a\000s\000e}{section.3.4}% 23
\BOOKMARK [1][-]{section.3.5}{\376\377\000S\000c\000h\000l\000e\000i\000f\000e\000n}{chapter.3}% 24
\BOOKMARK [2][-]{subsection.3.5.1}{\376\377\000W\000H\000I\000L\000E}{section.3.5}% 25
\BOOKMARK [2][-]{subsection.3.5.2}{\376\377\000R\000E\000P\000E\000A\000T}{section.3.5}% 26
\BOOKMARK [2][-]{subsection.3.5.3}{\376\377\000F\000O\000R}{section.3.5}% 27
\BOOKMARK [2][-]{subsection.3.5.4}{\376\377\000S\000c\000h\000l\000e\000i\000f\000e\000n\000\040\000M\000o\000d\000i\000f\000i\000k\000a\000t\000o\000r\000e\000n}{section.3.5}% 28
\BOOKMARK [0][-]{chapter.4}{\376\377\000T\000w\000i\000n\000C\000a\000t}{}% 29
\BOOKMARK [1][-]{section.4.1}{\376\377\000B\000i\000t\000s\000h\000i\000f\000t\000i\000n\000g}{chapter.4}% 30
\BOOKMARK [1][-]{section.4.2}{\376\377\000L\000i\000m\000i\000t}{chapter.4}% 31
\BOOKMARK [1][-]{section.4.3}{\376\377\000T\000i\000m\000e\000r}{chapter.4}% 32
\BOOKMARK [2][-]{subsection.4.3.1}{\376\377\000T\000i\000m\000e\000r\000\040\000O\000f\000f\000-\000D\000e\000l\000a\000y\000\040\000\050\000T\000O\000F\000\051}{section.4.3}% 33
\BOOKMARK [2][-]{subsection.4.3.2}{\376\377\000T\000i\000m\000e\000r\000\040\000O\000n\000-\000D\000e\000l\000a\000y\000\040\000\050\000T\000O\000N\000\051}{section.4.3}% 34
\BOOKMARK [2][-]{subsection.4.3.3}{\376\377\000T\000i\000m\000e\000r\000\040\000P\000u\000l\000s\000e\000\040\000G\000e\000n\000e\000r\000a\000t\000o\000r\000\040\000\050\000T\000P\000\051}{section.4.3}% 35
\BOOKMARK [0][-]{chapter.5}{\376\377\000D\000i\000g\000i\000t\000a\000l\000e\000\040\000R\000e\000g\000e\000l\000u\000n\000g}{}% 36
\BOOKMARK [1][-]{section.5.1}{\376\377\000L\000a\000p\000l\000a\000c\000e\000\040\000D\000i\000s\000k\000r\000e\000t\000i\000s\000i\000e\000r\000u\000n\000g}{chapter.5}% 37
\BOOKMARK [2][-]{subsection.5.1.1}{\376\377\000R\000\374\000c\000k\000w\000\344\000r\000t\000s\000-\000R\000e\000c\000h\000t\000e\000c\000k\000r\000e\000g\000e\000l}{section.5.1}% 38
\BOOKMARK [2][-]{subsection.5.1.2}{\376\377\000V\000o\000r\000w\000\344\000r\000t\000s\000r\000e\000c\000h\000t\000e\000c\000k\000-\000R\000e\000g\000e\000l}{section.5.1}% 39
\BOOKMARK [2][-]{subsection.5.1.3}{\376\377\000T\000r\000a\000p\000e\000z\000o\000i\000d\000a\000l\000-\000R\000e\000g\000e\000l\000\040\000\050\000T\000u\000s\000t\000i\000n\000\040\000A\000p\000p\000r\000o\000x\000i\000m\000a\000t\000i\000o\000n\000\051}{section.5.1}% 40
\BOOKMARK [1][-]{section.5.2}{\376\377\000P\000T\0001\000-\000P\000r\000o\000z\000e\000s\000s}{chapter.5}% 41
\BOOKMARK [1][-]{section.5.3}{\376\377\000P\000T\0002\000-\000P\000r\000o\000z\000e\000s\000s}{chapter.5}% 42
\BOOKMARK [1][-]{section.5.4}{\376\377\000D\000i\000s\000k\000r\000e\000t\000e\000r\000\040\000P\000I\000D\000-\000R\000e\000g\000l\000e\000r}{chapter.5}% 43
\BOOKMARK [2][-]{subsection.5.4.1}{\376\377\000P\000-\000A\000n\000t\000e\000i\000l}{section.5.4}% 44
\BOOKMARK [2][-]{subsection.5.4.2}{\376\377\000I\000-\000A\000n\000t\000e\000i\000l}{section.5.4}% 45
\BOOKMARK [2][-]{subsection.5.4.3}{\376\377\000D\000-\000A\000n\000t\000e\000i\000l}{section.5.4}% 46
\BOOKMARK [1][-]{section.5.5}{\376\377\000S\000t\000e\000l\000l\000g\000r\000\366\000s\000s\000e\000n\000s\000\344\000t\000t\000i\000g\000u\000n\000g}{chapter.5}% 47
\BOOKMARK [2][-]{subsection.5.5.1}{\376\377\000A\000n\000t\000i\000r\000e\000s\000e\000t\000-\000W\000i\000n\000d\000u\000p\000\040\000\050\000A\000R\000W\000\051}{section.5.5}% 48
\BOOKMARK [0][-]{chapter.6}{\376\377\000F\000S\000M\000\040\000-\000\040\000F\000i\000n\000i\000t\000e\000\040\000S\000t\000a\000t\000e\000\040\000M\000a\000c\000h\000i\000n\000e}{}% 49
\BOOKMARK [0][-]{chapter.7}{\376\377\000B\000e\000i\000s\000p\000i\000e\000l\000\040\000C\000o\000d\000e}{}% 50
